<?xml version="1.0" encoding="UTF-8"?>
<testng-results ignored="0" total="3" passed="3" failed="0" skipped="0">
  <reporter-output>
    <line>
      <![CDATA[Forgotten Password | Can't Log In | Facebook]]>
    </line>
    <line>
      <![CDATA[https://www.facebook.com/login/identify/?ctx=recover&ars=facebook_login&from_login_screen=0]]>
    </line>
    <line>
      <![CDATA[Facebook – log in or sign up]]>
    </line>
    <line>
      <![CDATA[https://www.facebook.com/login/?privacy_mutation_token=eyJ0eXBlIjowLCJjcmVhdGlvbl90aW1lIjoxNjQ1NTM2NDM0LCJjYWxsc2l0ZV9pZCI6MzgxMjI5MDc5NTc1OTQ2fQ%3D%3D]]>
    </line>
    <line>
      <![CDATA[Log in to Facebook]]>
    </line>
    <line>
      <![CDATA[https://www.facebook.com/login/?next=https%3A%2F%2Fwww.facebook.com%2Fpages%2Fcreate%2F%3Fref_type%3Dregistration_form]]>
    </line>
  </reporter-output>
  <suite started-at="2022-02-22T18:56:56 IST" name="Suite" finished-at="2022-02-22T18:57:36 IST" duration-ms="40467">
    <groups>
    </groups>
    <test started-at="2022-02-22T18:56:56 IST" name="Test" finished-at="2022-02-22T18:57:36 IST" duration-ms="40467">
      <class name="testng.Testacse1">
        <test-method is-config="true" signature="openApp()[pri:0, instance:testng.Testacse1@45ca843]" started-at="2022-02-22T18:57:10 IST" name="openApp" finished-at="2022-02-22T18:57:14 IST" duration-ms="4655" status="PASS">
          <reporter-output>
          </reporter-output>
        </test-method> <!-- openApp -->
        <test-method signature="tc1()[pri:0, instance:testng.Testacse1@45ca843]" started-at="2022-02-22T18:57:14 IST" name="tc1" finished-at="2022-02-22T18:57:27 IST" duration-ms="12097" status="PASS">
          <reporter-output>
            <line>
              <![CDATA[Facebook – log in or sign up]]>
            </line>
            <line>
              <![CDATA[https://www.facebook.com/login/?privacy_mutation_token=eyJ0eXBlIjowLCJjcmVhdGlvbl90aW1lIjoxNjQ1NTM2NDM0LCJjYWxsc2l0ZV9pZCI6MzgxMjI5MDc5NTc1OTQ2fQ%3D%3D]]>
            </line>
          </reporter-output>
        </test-method> <!-- tc1 -->
        <test-method is-config="true" signature="closeApp()[pri:0, instance:testng.Testacse1@45ca843]" started-at="2022-02-22T18:57:27 IST" name="closeApp" finished-at="2022-02-22T18:57:28 IST" duration-ms="1228" status="PASS">
          <reporter-output>
          </reporter-output>
        </test-method> <!-- closeApp -->
      </class> <!-- testng.Testacse1 -->
      <class name="testng.Testcase2">
        <test-method is-config="true" signature="openApp()[pri:0, instance:testng.Testcase2@1d8bd0de]" started-at="2022-02-22T18:56:56 IST" name="openApp" finished-at="2022-02-22T18:57:06 IST" duration-ms="10227" status="PASS">
          <reporter-output>
          </reporter-output>
        </test-method> <!-- openApp -->
        <test-method signature="tc2()[pri:0, instance:testng.Testcase2@1d8bd0de]" started-at="2022-02-22T18:57:06 IST" name="tc2" finished-at="2022-02-22T18:57:09 IST" duration-ms="2541" status="PASS">
          <reporter-output>
            <line>
              <![CDATA[Forgotten Password | Can't Log In | Facebook]]>
            </line>
            <line>
              <![CDATA[https://www.facebook.com/login/identify/?ctx=recover&ars=facebook_login&from_login_screen=0]]>
            </line>
          </reporter-output>
        </test-method> <!-- tc2 -->
        <test-method is-config="true" signature="closeapp()[pri:0, instance:testng.Testcase2@1d8bd0de]" started-at="2022-02-22T18:57:09 IST" name="closeapp" finished-at="2022-02-22T18:57:10 IST" duration-ms="993" status="PASS">
          <reporter-output>
          </reporter-output>
        </test-method> <!-- closeapp -->
      </class> <!-- testng.Testcase2 -->
      <class name="testng.Testcase3">
        <test-method is-config="true" signature="openApp()[pri:0, instance:testng.Testcase3@11c9af63]" started-at="2022-02-22T18:57:28 IST" name="openApp" finished-at="2022-02-22T18:57:32 IST" duration-ms="4559" status="PASS">
          <reporter-output>
          </reporter-output>
        </test-method> <!-- openApp -->
        <test-method signature="tc3()[pri:0, instance:testng.Testcase3@11c9af63]" started-at="2022-02-22T18:57:32 IST" name="tc3" finished-at="2022-02-22T18:57:35 IST" duration-ms="2992" status="PASS">
          <reporter-output>
            <line>
              <![CDATA[Log in to Facebook]]>
            </line>
            <line>
              <![CDATA[https://www.facebook.com/login/?next=https%3A%2F%2Fwww.facebook.com%2Fpages%2Fcreate%2F%3Fref_type%3Dregistration_form]]>
            </line>
          </reporter-output>
        </test-method> <!-- tc3 -->
        <test-method is-config="true" signature="closeApp()[pri:0, instance:testng.Testcase3@11c9af63]" started-at="2022-02-22T18:57:35 IST" name="closeApp" finished-at="2022-02-22T18:57:36 IST" duration-ms="1082" status="PASS">
          <reporter-output>
          </reporter-output>
        </test-method> <!-- closeApp -->
      </class> <!-- testng.Testcase3 -->
    </test> <!-- Test -->
  </suite> <!-- Suite -->
</testng-results>
