<?xml version="1.0" encoding="UTF-8"?>
<testng-results ignored="0" total="1" passed="1" failed="0" skipped="0">
  <reporter-output>
    <line>
      <![CDATA[Facebook – log in or sign up]]>
    </line>
    <line>
      <![CDATA[https://www.facebook.com/login/?privacy_mutation_token=eyJ0eXBlIjowLCJjcmVhdGlvbl90aW1lIjoxNjQ1NjIyNjE4LCJjYWxsc2l0ZV9pZCI6MzgxMjI5MDc5NTc1OTQ2fQ%3D%3D]]>
    </line>
  </reporter-output>
  <suite started-at="2022-02-23T18:53:30 IST" name="Failed suite [Suite]" finished-at="2022-02-23T18:53:46 IST" duration-ms="16348">
    <groups>
    </groups>
    <test started-at="2022-02-23T18:53:30 IST" name="Test(failed)" finished-at="2022-02-23T18:53:46 IST" duration-ms="16348">
      <class name="testng.Testacse1">
        <test-method is-config="true" signature="openApp()[pri:0, instance:testng.Testacse1@45ca843]" started-at="2022-02-23T18:53:30 IST" name="openApp" finished-at="2022-02-23T18:53:39 IST" duration-ms="8884" status="PASS">
          <reporter-output>
          </reporter-output>
        </test-method> <!-- openApp -->
        <test-method signature="tc1()[pri:0, instance:testng.Testacse1@45ca843]" started-at="2022-02-23T18:53:39 IST" name="tc1" finished-at="2022-02-23T18:53:45 IST" duration-ms="6069" status="PASS">
          <reporter-output>
            <line>
              <![CDATA[Facebook – log in or sign up]]>
            </line>
            <line>
              <![CDATA[https://www.facebook.com/login/?privacy_mutation_token=eyJ0eXBlIjowLCJjcmVhdGlvbl90aW1lIjoxNjQ1NjIyNjE4LCJjYWxsc2l0ZV9pZCI6MzgxMjI5MDc5NTc1OTQ2fQ%3D%3D]]>
            </line>
          </reporter-output>
        </test-method> <!-- tc1 -->
        <test-method is-config="true" signature="closeApp()[pri:0, instance:testng.Testacse1@45ca843]" started-at="2022-02-23T18:53:45 IST" name="closeApp" finished-at="2022-02-23T18:53:46 IST" duration-ms="1282" status="PASS">
          <reporter-output>
          </reporter-output>
        </test-method> <!-- closeApp -->
      </class> <!-- testng.Testacse1 -->
    </test> <!-- Test(failed) -->
  </suite> <!-- Failed suite [Suite] -->
</testng-results>
